Performing C SOURCE FILE Test CMAKE_HAVE_LIBC_PTHREAD failed with the following output:
Change Dir: /mnt/c/Users/kubec/Documents/CMakePractice/CPPRest/CMakeFiles/CMakeTmp

Run Build Command(s):/usr/bin/make cmTC_827cc/fast && make: Warning: File 'Makefile' has modification time 0.7 s in the future
/usr/bin/make -f CMakeFiles/cmTC_827cc.dir/build.make CMakeFiles/cmTC_827cc.dir/build
make[1]: Entering directory '/mnt/c/Users/kubec/Documents/CMakePractice/CPPRest/CMakeFiles/CMakeTmp'
make[1]: Warning: File 'CMakeFiles/cmTC_827cc.dir/flags.make' has modification time 0.67 s in the future
Building C object CMakeFiles/cmTC_827cc.dir/src.c.o
/usr/bin/cc   -DCMAKE_HAVE_LIBC_PTHREAD   -o CMakeFiles/cmTC_827cc.dir/src.c.o   -c /mnt/c/Users/kubec/Documents/CMakePractice/CPPRest/CMakeFiles/CMakeTmp/src.c
Linking C executable cmTC_827cc
/usr/bin/cmake -E cmake_link_script CMakeFiles/cmTC_827cc.dir/link.txt --verbose=1
/usr/bin/cc  -DCMAKE_HAVE_LIBC_PTHREAD    CMakeFiles/cmTC_827cc.dir/src.c.o  -o cmTC_827cc 
/usr/bin/ld: CMakeFiles/cmTC_827cc.dir/src.c.o: in function `main':
src.c:(.text+0x46): undefined reference to `pthread_create'
/usr/bin/ld: src.c:(.text+0x52): undefined reference to `pthread_detach'
/usr/bin/ld: src.c:(.text+0x63): undefined reference to `pthread_join'
collect2: error: ld returned 1 exit status
make[1]: *** [CMakeFiles/cmTC_827cc.dir/build.make:87: cmTC_827cc] Error 1
make[1]: Leaving directory '/mnt/c/Users/kubec/Documents/CMakePractice/CPPRest/CMakeFiles/CMakeTmp'
make: *** [Makefile:121: cmTC_827cc/fast] Error 2


Source file was:
#include <pthread.h>

void* test_func(void* data)
{
  return data;
}

int main(void)
{
  pthread_t thread;
  pthread_create(&thread, NULL, test_func, NULL);
  pthread_detach(thread);
  pthread_join(thread, NULL);
  pthread_atfork(NULL, NULL, NULL);
  pthread_exit(NULL);

  return 0;
}

Determining if the function pthread_create exists in the pthreads failed with the following output:
Change Dir: /mnt/c/Users/kubec/Documents/CMakePractice/CPPRest/CMakeFiles/CMakeTmp

Run Build Command(s):/usr/bin/make cmTC_a8c38/fast && make: Warning: File 'Makefile' has modification time 0.7 s in the future
/usr/bin/make -f CMakeFiles/cmTC_a8c38.dir/build.make CMakeFiles/cmTC_a8c38.dir/build
make[1]: Entering directory '/mnt/c/Users/kubec/Documents/CMakePractice/CPPRest/CMakeFiles/CMakeTmp'
make[1]: Warning: File 'CMakeFiles/cmTC_a8c38.dir/flags.make' has modification time 0.67 s in the future
Building C object CMakeFiles/cmTC_a8c38.dir/CheckFunctionExists.c.o
/usr/bin/cc   -DCHECK_FUNCTION_EXISTS=pthread_create   -o CMakeFiles/cmTC_a8c38.dir/CheckFunctionExists.c.o   -c /usr/share/cmake-3.16/Modules/CheckFunctionExists.c
Linking C executable cmTC_a8c38
/usr/bin/cmake -E cmake_link_script CMakeFiles/cmTC_a8c38.dir/link.txt --verbose=1
/usr/bin/cc  -DCHECK_FUNCTION_EXISTS=pthread_create    CMakeFiles/cmTC_a8c38.dir/CheckFunctionExists.c.o  -o cmTC_a8c38  -lpthreads 
/usr/bin/ld: cannot find -lpthreads
collect2: error: ld returned 1 exit status
make[1]: *** [CMakeFiles/cmTC_a8c38.dir/build.make:87: cmTC_a8c38] Error 1
make[1]: Leaving directory '/mnt/c/Users/kubec/Documents/CMakePractice/CPPRest/CMakeFiles/CMakeTmp'
make: *** [Makefile:121: cmTC_a8c38/fast] Error 2



